<?xml version="1.0" encoding="UTF-8"?>
<!-- Generated by org.testng.reporters.JUnitReportReporter -->
<testsuite hostname="LAPTOP-KDC18MEN" failures="0" tests="6" name="com.simplilearn.testng.DataProviderClass" time="0.015" errors="0" timestamp="2022-08-08T11:46:44 IST" skipped="0">
  <testcase classname="com.simplilearn.testng.DataProviderClass" name="testcase1" time="0.001"/>
  <system-out/>
  <testcase classname="com.simplilearn.testng.DataProviderClass" name="testcase1" time="0.002"/>
  <system-out/>
  <testcase classname="com.simplilearn.testng.DataProviderClass" name="testcase" time="0.006"/>
  <system-out/>
  <testcase classname="com.simplilearn.testng.DataProviderClass" name="testcase1" time="0.002"/>
  <system-out/>
  <testcase classname="com.simplilearn.testng.DataProviderClass" name="testcase" time="0.002"/>
  <system-out/>
  <testcase classname="com.simplilearn.testng.DataProviderClass" name="testcase" time="0.002"/>
  <system-out/>
</testsuite> <!-- com.simplilearn.testng.DataProviderClass -->
