<?xml version="1.0" encoding="UTF-8"?>
<!-- Generated by org.testng.reporters.JUnitReportReporter -->
<testsuite hostname="LAPTOP-KDC18MEN" failures="0" tests="1" name="com.simplilearn.testng.PracTestNG" time="79.005" errors="0" timestamp="2022-08-06T22:49:27 IST" skipped="0">
  <testcase classname="com.simplilearn.testng.PracTestNG" name="testNG" time="79.005"/>
  <system-out/>
</testsuite> <!-- com.simplilearn.testng.PracTestNG -->
