<?xml version="1.0" encoding="UTF-8"?>
<!-- Generated by org.testng.reporters.JUnitReportReporter -->
<testsuite hostname="LAPTOP-KDC18MEN" failures="0" tests="6" name="com.simplilearn.testng.GroupTest" time="0.023" errors="0" timestamp="2022-08-07T19:17:30 IST" skipped="0">
  <testcase classname="com.simplilearn.testng.GroupTest" name="OpenBrowser" time="0.001"/>
  <system-out/>
  <testcase classname="com.simplilearn.testng.GroupTest" name="AddMobileToCart" time="0.004"/>
  <system-out/>
  <testcase classname="com.simplilearn.testng.GroupTest" name="AddLaptoptoCart" time="0.003"/>
  <system-out/>
  <testcase classname="com.simplilearn.testng.GroupTest" name="AdditemToCart" time="0.010"/>
  <system-out/>
  <testcase classname="com.simplilearn.testng.GroupTest" name="LoginTest" time="0.002"/>
  <system-out/>
  <testcase classname="com.simplilearn.testng.GroupTest" name="closeBrowser" time="0.003"/>
  <system-out/>
</testsuite> <!-- com.simplilearn.testng.GroupTest -->
