<?xml version="1.0" encoding="UTF-8"?>
<!-- Generated by org.testng.reporters.JUnitReportReporter -->
<testsuite hostname="LAPTOP-KDC18MEN" failures="0" tests="3" name="com.simplilearn.testng.DependsOnTest" time="0.004" errors="0" timestamp="2022-08-07T19:17:30 IST" skipped="0">
  <testcase classname="com.simplilearn.testng.DependsOnTest" name="OpenBrowser" time="0.001"/>
  <system-out/>
  <testcase classname="com.simplilearn.testng.DependsOnTest" name="AddItemtoCart" time="0.002"/>
  <system-out/>
  <testcase classname="com.simplilearn.testng.DependsOnTest" name="PlaceOrder" time="0.001"/>
  <system-out/>
</testsuite> <!-- com.simplilearn.testng.DependsOnTest -->
