<?xml version="1.0" encoding="UTF-8"?>
<!-- Generated by org.testng.reporters.JUnitReportReporter -->
<testsuite hostname="LAPTOP-KDC18MEN" failures="0" tests="1" name="com.simplilearn.testng.AssertionExample" time="42.102" errors="0" timestamp="2022-08-09T11:48:21 IST" skipped="0">
  <testcase classname="com.simplilearn.testng.AssertionExample" name="testCase" time="42.102"/>
  <system-out/>
</testsuite> <!-- com.simplilearn.testng.AssertionExample -->
