<?xml version="1.0" encoding="UTF-8"?>
<!-- Generated by org.testng.reporters.JUnitReportReporter -->
<testsuite hostname="LAPTOP-KDC18MEN" failures="0" tests="2" name="com.simplilearn.testng.ParallelExecution" time="215.785" errors="0" timestamp="2022-08-08T22:16:09 IST" skipped="0">
  <testcase classname="com.simplilearn.testng.ParallelExecution" name="openChromeBrowser" time="85.184"/>
  <system-out/>
  <testcase classname="com.simplilearn.testng.ParallelExecution" name="openFirefoxBrowser" time="130.601"/>
  <system-out/>
</testsuite> <!-- com.simplilearn.testng.ParallelExecution -->
