<?xml version="1.0" encoding="UTF-8"?>
<!-- Generated by org.testng.reporters.JUnitReportReporter -->
<testsuite hostname="LAPTOP-KDC18MEN" failures="0" tests="4" name="com.simplilearn.testng.OrderofExecution" time="0.015" errors="0" timestamp="2022-08-08T22:41:04 IST" skipped="0">
  <testcase classname="com.simplilearn.testng.OrderofExecution" name="addtoCart" time="0.002"/>
  <system-out/>
  <testcase classname="com.simplilearn.testng.OrderofExecution" name="OpenBrowser" time="0.008"/>
  <system-out/>
  <testcase classname="com.simplilearn.testng.OrderofExecution" name="UpdateAddress" time="0.001"/>
  <system-out/>
  <testcase classname="com.simplilearn.testng.OrderofExecution" name="Placeorder" time="0.004"/>
  <system-out/>
</testsuite> <!-- com.simplilearn.testng.OrderofExecution -->
