<?xml version="1.0" encoding="UTF-8"?>
<!-- Generated by org.testng.reporters.JUnitReportReporter -->
<testsuite hostname="LAPTOP-KDC18MEN" failures="0" tests="1" name="com.simplilearn.testng.AllAnnotations" time="0.007" errors="0" timestamp="2022-08-06T22:49:27 IST" skipped="0">
  <testcase classname="com.simplilearn.testng.AllAnnotations" name="test" time="0.007"/>
  <system-out/>
</testsuite> <!-- com.simplilearn.testng.AllAnnotations -->
