<?xml version="1.0" encoding="UTF-8"?>
<!-- Generated by org.testng.reporters.JUnitReportReporter -->
<testsuite hostname="LAPTOP-KDC18MEN" failures="0" tests="10" name="com.simplilearn.testng.InvocationCountTest" time="0.030" errors="0" timestamp="2022-08-06T23:01:41 IST" skipped="0">
  <testcase classname="com.simplilearn.testng.InvocationCountTest" name="invoctaionTest" time="0.002"/>
  <system-out/>
  <testcase classname="com.simplilearn.testng.InvocationCountTest" name="invoctaionTest" time="0.005"/>
  <system-out/>
  <testcase classname="com.simplilearn.testng.InvocationCountTest" name="invoctaionTest" time="0.001"/>
  <system-out/>
  <testcase classname="com.simplilearn.testng.InvocationCountTest" name="invoctaionTest" time="0.002"/>
  <system-out/>
  <testcase classname="com.simplilearn.testng.InvocationCountTest" name="invoctaionTest" time="0.002"/>
  <system-out/>
  <testcase classname="com.simplilearn.testng.InvocationCountTest" name="invoctaionTest" time="0.003"/>
  <system-out/>
  <testcase classname="com.simplilearn.testng.InvocationCountTest" name="invoctaionTest" time="0.001"/>
  <system-out/>
  <testcase classname="com.simplilearn.testng.InvocationCountTest" name="invoctaionTest" time="0.001"/>
  <system-out/>
  <testcase classname="com.simplilearn.testng.InvocationCountTest" name="invoctaionTest" time="0.011"/>
  <system-out/>
  <testcase classname="com.simplilearn.testng.InvocationCountTest" name="invoctaionTest" time="0.002"/>
  <system-out/>
</testsuite> <!-- com.simplilearn.testng.InvocationCountTest -->
