<?xml version="1.0" encoding="UTF-8"?>
<!-- Generated by org.testng.reporters.JUnitReportReporter -->
<testsuite hostname="LAPTOP-KDC18MEN" failures="0" tests="2" name="com.simplilearn.testng.Enanbled" time="0.007" errors="0" timestamp="2022-08-08T12:16:36 IST" skipped="1">
  <testcase classname="com.simplilearn.testng.Enanbled" name="TestCase1" time="0.007"/>
  <system-out/>
  <testcase classname="com.simplilearn.testng.Enanbled" name="TestCase2">
    <skipped/>
  </testcase> <!-- TestCase2 -->
  <system-out/>
</testsuite> <!-- com.simplilearn.testng.Enanbled -->
