<?xml version="1.0" encoding="UTF-8"?>
<!-- Generated by org.testng.reporters.JUnitReportReporter -->
<testsuite hostname="LAPTOP-KDC18MEN" failures="0" tests="1" name="com.simplilearn.testng.FactoryTestCase" time="0.004" errors="0" timestamp="2022-08-08T12:08:10 IST" skipped="0">
  <testcase classname="com.simplilearn.testng.FactoryTestCase" name="TestCase1" time="0.004"/>
  <system-out/>
</testsuite> <!-- com.simplilearn.testng.FactoryTestCase -->
